<?xml version="1.0" encoding="UTF-8"?>
<!-- Generated by org.testng.reporters.JUnitXMLReporter -->
<testsuite hostname="DESKTOP-P04OIEK" ignored="0" name="Test" tests="3" failures="2" timestamp="13 Nov 2021 06:41:11 GMT" time="0.07" errors="0">
  <testcase name="loginWithValidCredential" time="0.022" classname="testScript.LoginPageTestCase"/>
  <testcase name="resetTest" time="0.004" classname="testScript.LoginPageTestCase">
    <failure type="java.lang.AssertionError" message="expected [false] but found [true]">
      <![CDATA[java.lang.AssertionError: expected [false] but found [true]
at testScript.LoginPageTestCase.resetTest(LoginPageTestCase.java:31)
... Removed 31 stack frames]]>
    </failure>
  </testcase> <!-- resetTest -->
  <testcase name="resetTest1" time="0.003" classname="testScript.LoginPageTestCase">
    <failure type="java.lang.AssertionError" message="expected [false] but found [true]">
      <![CDATA[java.lang.AssertionError: expected [false] but found [true]
at testScript.LoginPageTestCase.resetTest1(LoginPageTestCase.java:43)
... Removed 31 stack frames]]>
    </failure>
  </testcase> <!-- resetTest1 -->
</testsuite> <!-- Test -->
